<?xml version='1.0' encoding='UTF-8'?>
<testsuite hostname="Igor-Soto.local" name="UserServiceSuite" tests="0" errors="0" failures="0" skipped="0" time="0.0" timestamp="2019-11-12T11:31:07">
                     <properties>
      <property name="awt.toolkit" value="sun.lwawt.macosx.LWCToolkit"/><property name="java.specification.version" value="11"/><property name="sun.cpu.isalist" value=""/><property name="sun.jnu.encoding" value="UTF-8"/><property name="sun.arch.data.model" value="64"/><property name="sbt.supershell" value="false"/><property name="java.vendor.url" value="https://www.jetbrains.com/"/><property name="sun.boot.library.path" value="/Applications/IntelliJ IDEA CE.app/Contents/jbr/Contents/Home/lib"/><property name="sun.java.command" value="/Users/igorsoto/Library/Application Support/IdeaIC2019.2/Scala/launcher/sbt-launch.jar --addPluginSbtFile=/private/var/folders/1k/hth47p9n2pz380n5c8n7spj80000gn/T/idea.sbt ; set ideaPort in Global := 51335 ; idea-shell"/><property name="jdk.debug" value="release"/><property name="java.specification.vendor" value="Oracle Corporation"/><property name="java.version.date" value="2019-07-16"/><property name="java.home" value="/Applications/IntelliJ IDEA CE.app/Contents/jbr/Contents/Home"/><property name="file.separator" value="/"/><property name="java.vm.compressedOopsMode" value="Zero based"/><property name="line.separator" value="
"/><property name="java.specification.name" value="Java Platform API Specification"/><property name="java.vm.specification.vendor" value="Oracle Corporation"/><property name="sun.management.compiler" value="HotSpot 64-Bit Tiered Compilers"/><property name="java.runtime.version" value="11.0.4+10-b304.77"/><property name="user.name" value="igorsoto"/><property name="log4j.ignoreTCL" value="true"/><property name="file.encoding" value="UTF-8"/><property name="java.io.tmpdir" value="/var/folders/1k/hth47p9n2pz380n5c8n7spj80000gn/T/"/><property name="java.version" value="11.0.4"/><property name="java.vm.specification.name" value="Java Virtual Machine Specification"/><property name="java.awt.printerjob" value="sun.lwawt.macosx.CPrinterJob"/><property name="sun.os.patch.level" value="unknown"/><property name="java.library.path" value="/Users/igorsoto/Library/Java/Extensions:/Library/Java/Extensions:/Network/Library/Java/Extensions:/System/Library/Java/Extensions:/usr/lib/java:."/><property name="java.vendor" value="JetBrains s.r.o"/><property name="sun.io.unicode.encoding" value="UnicodeBig"/><property name="socksNonProxyHosts" value="local|*.local|169.254/16|*.169.254/16"/><property name="gopherProxySet" value="false"/><property name="java.class.path" value="/Users/igorsoto/Library/Application Support/IdeaIC2019.2/Scala/launcher/sbt-launch.jar"/><property name="java.vm.vendor" value="JetBrains s.r.o"/><property name="jline.shutdownhook" value="false"/><property name="user.timezone" value="America/Sao_Paulo"/><property name="os.name" value="Mac OS X"/><property name="java.vm.specification.version" value="11"/><property name="sun.java.launcher" value="SUN_STANDARD"/><property name="user.country" value="US"/><property name="http.nonProxyHosts" value="local|*.local|169.254/16|*.169.254/16"/><property name="sun.cpu.endian" value="little"/><property name="user.home" value="/Users/igorsoto"/><property name="user.language" value="en"/><property name="swoval.tmpdir" value="/Users/igorsoto/.sbt/1.0"/><property name="java.awt.graphicsenv" value="sun.awt.CGraphicsEnvironment"/><property name="jline.esc.timeout" value="0"/><property name="ftp.nonProxyHosts" value="local|*.local|169.254/16|*.169.254/16"/><property name="path.separator" value=":"/><property name="os.version" value="10.15.1"/><property name="jna.nosys" value="true"/><property name="java.runtime.name" value="OpenJDK Runtime Environment"/><property name="java.vm.name" value="OpenJDK 64-Bit Server VM"/><property name="java.vendor.url.bug" value="https://youtrack.jetbrains.com"/><property name="user.dir" value="/Users/igorsoto/source/pocs/cake_pattern"/><property name="os.arch" value="x86_64"/><property name="idea.managed" value="true"/><property name="java.vm.info" value="mixed mode"/><property name="java.vm.version" value="11.0.4+10-b304.77"/><property name="java.class.version" value="55.0"/>
    </properties>
                     
                     <system-out><![CDATA[]]></system-out>
                     <system-err><![CDATA[]]></system-err>
                   </testsuite>